[    0.000000] Initializing cgroup subsys cpuset
[    0.000000] Initializing cgroup subsys cpu
[    0.000000] Initializing cgroup subsys cpuacct
[    0.000000] Linux version 4.4.0-157-generic (buildd@lgw01-amd64-037) (gcc version 5.4.0 20160609 (Ubuntu 5.4.0-6ubuntu1~16.04.10) ) #185-Ubuntu SMP Tue Jul 23 09:17:01 UTC 2019 (Ubuntu 4.4.0-157.185-generic 4.4.181)
[    0.000000] Command line: BOOT_IMAGE=/boot/vmlinuz-4.4.0-157-generic root=LABEL=cloudimg-rootfs ro console=tty1 console=ttyS0
[    0.000000] KERNEL supported cpus:
[    0.000000]   Intel GenuineIntel
[    0.000000]   AMD AuthenticAMD
[    0.000000]   Centaur CentaurHauls
[    0.000000] x86/fpu: xstate_offset[2]:  576, xstate_sizes[2]:  256
[    0.000000] x86/fpu: Supporting XSAVE feature 0x01: 'x87 floating point registers'
[    0.000000] x86/fpu: Supporting XSAVE feature 0x02: 'SSE registers'
[    0.000000] x86/fpu: Supporting XSAVE feature 0x04: 'AVX registers'
[    0.000000] x86/fpu: Enabled xstate features 0x7, context size is 832 bytes, using 'standard' format.
[    0.000000] e820: BIOS-provided physical RAM map:
[    0.000000] BIOS-e820: [mem 0x0000000000000000-0x000000000009fbff] usable
[    0.000000] BIOS-e820: [mem 0x000000000009fc00-0x000000000009ffff] reserved
[    0.000000] BIOS-e820: [mem 0x00000000000f0000-0x00000000000fffff] reserved
[    0.000000] BIOS-e820: [mem 0x0000000000100000-0x000000003ffeffff] usable
[    0.000000] BIOS-e820: [mem 0x000000003fff0000-0x000000003fffffff] ACPI data
[    0.000000] BIOS-e820: [mem 0x00000000fec00000-0x00000000fec00fff] reserved
[    0.000000] BIOS-e820: [mem 0x00000000fee00000-0x00000000fee00fff] reserved
[    0.000000] BIOS-e820: [mem 0x00000000fffc0000-0x00000000ffffffff] reserved
[    0.000000] NX (Execute Disable) protection: active
[    0.000000] SMBIOS 2.5 present.
[    0.000000] Hypervisor detected: KVM
[    0.000000] e820: last_pfn = 0x3fff0 max_arch_pfn = 0x400000000
[    0.000000] MTRR: Disabled
[    0.000000] x86/PAT: MTRRs disabled, skipping PAT initialization too.
[    0.000000] CPU MTRRs all blank - virtualized system.
[    0.000000] x86/PAT: Configuration [0-7]: WB  WT  UC- UC  WB  WT  UC- UC  
[    0.000000] found SMP MP-table at [mem 0x0009fff0-0x0009ffff] mapped at [ffff88000009fff0]
[    0.000000] Scanning 1 areas for low memory corruption
[    0.000000] RAMDISK: [mem 0x362fc000-0x37175fff]
[    0.000000] ACPI: Early table checksum verification disabled
[    0.000000] ACPI: RSDP 0x00000000000E0000 000024 (v02 VBOX  )
[    0.000000] ACPI: XSDT 0x000000003FFF0030 00003C (v01 VBOX   VBOXXSDT 00000001 ASL  00000061)
[    0.000000] ACPI: FACP 0x000000003FFF00F0 0000F4 (v04 VBOX   VBOXFACP 00000001 ASL  00000061)
[    0.000000] ACPI: DSDT 0x000000003FFF0470 0022EA (v02 VBOX   VBOXBIOS 00000002 INTL 20100528)
[    0.000000] ACPI: FACS 0x000000003FFF0200 000040
[    0.000000] ACPI: FACS 0x000000003FFF0200 000040
[    0.000000] ACPI: APIC 0x000000003FFF0240 00005C (v02 VBOX   VBOXAPIC 00000001 ASL  00000061)
[    0.000000] ACPI: SSDT 0x000000003FFF02A0 0001CC (v01 VBOX   VBOXCPUT 00000002 INTL 20100528)
[    0.000000] No NUMA configuration found
[    0.000000] Faking a node at [mem 0x0000000000000000-0x000000003ffeffff]
[    0.000000] NODE_DATA(0) allocated [mem 0x3ffeb000-0x3ffeffff]
[    0.000000] kvm-clock: Using msrs 4b564d01 and 4b564d00
[    0.000000] kvm-clock: cpu 0, msr 0:3ffe3001, primary cpu clock
[    0.000000] kvm-clock: using sched offset of 4058745035 cycles
[    0.000000] clocksource: kvm-clock: mask: 0xffffffffffffffff max_cycles: 0x1cd42e4dffb, max_idle_ns: 881590591483 ns
[    0.000000] Zone ranges:
[    0.000000]   DMA      [mem 0x0000000000001000-0x0000000000ffffff]
[    0.000000]   DMA32    [mem 0x0000000001000000-0x000000003ffeffff]
[    0.000000]   Normal   empty
[    0.000000]   Device   empty
[    0.000000] Movable zone start for each node
[    0.000000] Early memory node ranges
[    0.000000]   node   0: [mem 0x0000000000001000-0x000000000009efff]
[    0.000000]   node   0: [mem 0x0000000000100000-0x000000003ffeffff]
[    0.000000] Initmem setup node 0 [mem 0x0000000000001000-0x000000003ffeffff]
[    0.000000] ACPI: PM-Timer IO Port: 0x4008
[    0.000000] IOAPIC[0]: apic_id 2, version 32, address 0xfec00000, GSI 0-23
[    0.000000] ACPI: INT_SRC_OVR (bus 0 bus_irq 0 global_irq 2 dfl dfl)
[    0.000000] ACPI: INT_SRC_OVR (bus 0 bus_irq 9 global_irq 9 low level)
[    0.000000] Using ACPI (MADT) for SMP configuration information
[    0.000000] smpboot: Allowing 2 CPUs, 0 hotplug CPUs
[    0.000000] PM: Registered nosave memory: [mem 0x00000000-0x00000fff]
[    0.000000] PM: Registered nosave memory: [mem 0x0009f000-0x0009ffff]
[    0.000000] PM: Registered nosave memory: [mem 0x000a0000-0x000effff]
[    0.000000] PM: Registered nosave memory: [mem 0x000f0000-0x000fffff]
[    0.000000] e820: [mem 0x40000000-0xfebfffff] available for PCI devices
[    0.000000] Booting paravirtualized kernel on KVM
[    0.000000] clocksource: refined-jiffies: mask: 0xffffffff max_cycles: 0xffffffff, max_idle_ns: 7645519600211568 ns
[    0.000000] setup_percpu: NR_CPUS:512 nr_cpumask_bits:512 nr_cpu_ids:2 nr_node_ids:1
[    0.000000] PERCPU: Embedded 34 pages/cpu @ffff88003fc00000 s99544 r8192 d31528 u1048576
[    0.000000] Built 1 zonelists in Node order, mobility grouping on.  Total pages: 257912
[    0.000000] Policy zone: DMA32
[    0.000000] Kernel command line: BOOT_IMAGE=/boot/vmlinuz-4.4.0-157-generic root=LABEL=cloudimg-rootfs ro console=tty1 console=ttyS0
[    0.000000] PID hash table entries: 4096 (order: 3, 32768 bytes)
[    0.000000] Memory: 997736K/1048120K available (8618K kernel code, 1335K rwdata, 4032K rodata, 1484K init, 1284K bss, 50384K reserved, 0K cma-reserved)
[    0.000000] SLUB: HWalign=64, Order=0-3, MinObjects=0, CPUs=2, Nodes=1
[    0.000000] Kernel/User page tables isolation: enabled
[    0.000000] Hierarchical RCU implementation.
[    0.000000] 	Build-time adjustment of leaf fanout to 64.
[    0.000000] 	RCU restricting CPUs from NR_CPUS=512 to nr_cpu_ids=2.
[    0.000000] RCU: Adjusting geometry for rcu_fanout_leaf=64, nr_cpu_ids=2
[    0.000000] NR_IRQS:33024 nr_irqs:440 16
[    0.000000] Console: colour VGA+ 80x25
[    0.000000] console [tty1] enabled
[    0.000000] console [ttyS0] enabled
[    0.000000] tsc: Detected 2712.002 MHz processor
[    0.316985] Calibrating delay loop (skipped) preset value.. 5424.00 BogoMIPS (lpj=10848008)
[    0.319355] pid_max: default: 32768 minimum: 301
[    0.321422] ACPI: Core revision 20150930
[    0.328213] ACPI: 2 ACPI AML tables successfully acquired and loaded
[    0.330524] Security Framework initialized
[    0.331871] Yama: becoming mindful.
[    0.332965] AppArmor: AppArmor initialized
[    0.334280] Dentry cache hash table entries: 131072 (order: 8, 1048576 bytes)
[    0.341166] Inode-cache hash table entries: 65536 (order: 7, 524288 bytes)
[    0.343522] Mount-cache hash table entries: 2048 (order: 2, 16384 bytes)
[    0.345632] Mountpoint-cache hash table entries: 2048 (order: 2, 16384 bytes)
[    0.347578] Initializing cgroup subsys io
[    0.348806] Initializing cgroup subsys memory
[    0.350106] Initializing cgroup subsys devices
[    0.351511] Initializing cgroup subsys freezer
[    0.353212] Initializing cgroup subsys net_cls
[    0.354576] Initializing cgroup subsys perf_event
[    0.356076] Initializing cgroup subsys net_prio
[    0.357425] Initializing cgroup subsys hugetlb
[    0.358828] Initializing cgroup subsys pids
[    0.362326] mce: CPU supports 0 MCE banks
[    0.363563] Last level iTLB entries: 4KB 64, 2MB 8, 4MB 8
[    0.365077] Last level dTLB entries: 4KB 64, 2MB 0, 4MB 0, 1GB 4
[    0.366592] Spectre V2 : Mitigation: Full generic retpoline
[    0.368270] Spectre V2 : Spectre v2 / SpectreRSB mitigation: Filling RSB on context switch
[    0.370628] Speculative Store Bypass: Vulnerable
[    0.371990] MDS: Vulnerable: Clear CPU buffers attempted, no microcode
[    0.379741] Freeing SMP alternatives memory: 36K
[    0.396357] ftrace: allocating 32312 entries in 127 pages
[    0.506785] smpboot: APIC(0) Converting physical 0 to logical package 0
[    0.509120] smpboot: Max logical packages: 1
[    0.511371] x2apic enabled
[    0.513138] Switched APIC routing to physical x2apic.
[    0.516670] ..TIMER: vector=0x30 apic1=0 pin1=2 apic2=-1 pin2=-1
[    0.624642] smpboot: CPU0: Intel(R) Core(TM) i5-7200U CPU @ 2.50GHz (family: 0x6, model: 0x8e, stepping: 0x9)
[    0.628187] Performance Events: unsupported p6 CPU model 142 no PMU driver, software events only.
[    0.651732] KVM setup paravirtual spinlock
[    0.653924] x86: Booting SMP configuration:
[    0.655186] .... node  #0, CPUs:      #1
[    0.656412] kvm-clock: cpu 1, msr 0:3ffe3041, secondary cpu clock
[    0.659916] mce: CPU supports 0 MCE banks
[    0.663032] x86: Booted up 1 node, 2 CPUs
[    0.664891] smpboot: Total of 2 processors activated (10848.00 BogoMIPS)
[    0.667925] devtmpfs: initialized
[    0.672175] evm: security.selinux
[    0.673558] evm: security.SMACK64
[    0.674820] evm: security.SMACK64EXEC
[    0.676218] evm: security.SMACK64TRANSMUTE
[    0.677723] evm: security.SMACK64MMAP
[    0.679185] evm: security.ima
[    0.680448] evm: security.capability
[    0.681990] clocksource: jiffies: mask: 0xffffffff max_cycles: 0xffffffff, max_idle_ns: 7645041785100000 ns
[    0.685055] futex hash table entries: 512 (order: 3, 32768 bytes)
[    0.687421] pinctrl core: initialized pinctrl subsystem
[    0.689118] RTC time: 21:08:40, date: 07/31/19
[    0.690801] NET: Registered protocol family 16
[    0.701976] cpuidle: using governor ladder
[    0.713657] cpuidle: using governor menu
[    0.715294] PCCT header not found.
[    0.716794] ACPI: bus type PCI registered
[    0.718274] acpiphp: ACPI Hot Plug PCI Controller Driver version: 0.5
[    0.721281] PCI: Using configuration type 1 for base access
[    0.739491] ACPI: Added _OSI(Module Device)
[    0.743413] ACPI: Added _OSI(Processor Device)
[    0.745926] ACPI: Added _OSI(3.0 _SCP Extensions)
[    0.748335] ACPI: Added _OSI(Processor Aggregator Device)
[    0.753173] ACPI: Executed 1 blocks of module-level executable AML code
[    0.763720] ACPI: Interpreter enabled
[    0.766213] ACPI: (supports S0 S5)
[    0.768150] ACPI: Using IOAPIC for interrupt routing
[    0.771247] PCI: Using host bridge windows from ACPI; if necessary, use "pci=nocrs" and report a bug
[    0.784532] ACPI: PCI Root Bridge [PCI0] (domain 0000 [bus 00-ff])
[    0.787564] acpi PNP0A03:00: _OSC: OS supports [ASPM ClockPM Segments MSI]
[    0.791553] acpi PNP0A03:00: _OSC: not requesting OS control; OS requires [ExtendedConfig ASPM ClockPM MSI]
[    0.796622] acpi PNP0A03:00: fail to add MMCONFIG information, can't access extended PCI configuration space under this bridge.
[    0.802873] PCI host bridge to bus 0000:00
[    0.805260] pci_bus 0000:00: root bus resource [io  0x0000-0x0cf7 window]
[    0.808603] pci_bus 0000:00: root bus resource [io  0x0d00-0xffff window]
[    0.811890] pci_bus 0000:00: root bus resource [mem 0x000a0000-0x000bffff window]
[    0.816200] pci_bus 0000:00: root bus resource [mem 0x40000000-0xfdffffff window]
[    0.821192] pci_bus 0000:00: root bus resource [bus 00-ff]
[    0.828455] pci 0000:00:01.1: legacy IDE quirk: reg 0x10: [io  0x01f0-0x01f7]
[    0.831948] pci 0000:00:01.1: legacy IDE quirk: reg 0x14: [io  0x03f6]
[    0.835066] pci 0000:00:01.1: legacy IDE quirk: reg 0x18: [io  0x0170-0x0177]
[    0.838643] pci 0000:00:01.1: legacy IDE quirk: reg 0x1c: [io  0x0376]
[    0.871040] pci 0000:00:07.0: quirk: [io  0x4000-0x403f] claimed by PIIX4 ACPI
[    0.894870] pci 0000:00:07.0: quirk: [io  0x4100-0x410f] claimed by PIIX4 SMB
[    0.922801] ACPI: PCI Interrupt Link [LNKA] (IRQs 5 9 10 *11)
[    0.925852] ACPI: PCI Interrupt Link [LNKB] (IRQs 5 9 *10 11)
[    0.929037] ACPI: PCI Interrupt Link [LNKC] (IRQs 5 *9 10 11)
[    0.931994] ACPI: PCI Interrupt Link [LNKD] (IRQs 5 9 10 *11)
[    0.934949] ACPI: Enabled 2 GPEs in block 00 to 07
[    0.937419] vgaarb: setting as boot device: PCI:0000:00:02.0
[    0.940072] vgaarb: device added: PCI:0000:00:02.0,decodes=io+mem,owns=io+mem,locks=none
[    0.943479] vgaarb: loaded
[    0.944514] vgaarb: bridge control possible 0000:00:02.0
[    0.947227] SCSI subsystem initialized
[    0.948846] ACPI: bus type USB registered
[    0.950331] usbcore: registered new interface driver usbfs
[    0.952605] usbcore: registered new interface driver hub
[    0.954670] usbcore: registered new device driver usb
[    0.957260] PCI: Using ACPI for IRQ routing
[    0.959853] NetLabel: Initializing
[    0.961223] NetLabel:  domain hash size = 128
[    0.962845] NetLabel:  protocols = UNLABELED CIPSOv4
[    0.970248] NetLabel:  unlabeled traffic allowed by default
[    0.972548] amd_nb: Cannot enumerate AMD northbridges
[    0.974339] clocksource: Switched to clocksource kvm-clock
[    0.998846] AppArmor: AppArmor Filesystem Enabled
[    1.000566] pnp: PnP ACPI init
[    1.003325] pnp: PnP ACPI: found 3 devices
[    1.025822] clocksource: acpi_pm: mask: 0xffffff max_cycles: 0xffffff, max_idle_ns: 2085701024 ns
[    1.028946] NET: Registered protocol family 2
[    1.030934] TCP established hash table entries: 8192 (order: 4, 65536 bytes)
[    1.032857] TCP bind hash table entries: 8192 (order: 5, 131072 bytes)
[    1.034676] TCP: Hash tables configured (established 8192 bind 8192)
[    1.036335] UDP hash table entries: 512 (order: 2, 16384 bytes)
[    1.037974] UDP-Lite hash table entries: 512 (order: 2, 16384 bytes)
[    1.040046] NET: Registered protocol family 1
[    1.041362] pci 0000:00:00.0: Limiting direct PCI/PCI transfers
[    1.043133] pci 0000:00:01.0: Activating ISA DMA hang workarounds
[    1.044944] Unpacking initramfs...
[    1.501277] Freeing initrd memory: 14824K
[    1.503516] clocksource: tsc: mask: 0xffffffffffffffff max_cycles: 0x2717880cafa, max_idle_ns: 440795252614 ns
[    1.507575] platform rtc_cmos: registered platform RTC device (no PNP device found)
[    1.511065] Scanning for low memory corruption every 60 seconds
[    1.515381] audit: initializing netlink subsys (disabled)
[    1.517225] audit: type=2000 audit(1564607326.965:1): initialized
[    1.519296] Initialise system trusted keyring
[    1.521226] HugeTLB registered 2 MB page size, pre-allocated 0 pages
[    1.526264] zbud: loaded
[    1.528070] VFS: Disk quotas dquot_6.6.0
[    1.530694] VFS: Dquot-cache hash table entries: 512 (order 0, 4096 bytes)
[    1.533596] squashfs: version 4.0 (2009/01/31) Phillip Lougher
[    1.536671] fuse init (API version 7.23)
[    1.539052] Key type big_key registered
[    1.540477] Allocating IMA MOK and blacklist keyrings.
[    1.544711] Key type asymmetric registered
[    1.546071] Asymmetric key parser 'x509' registered
[    1.547459] Block layer SCSI generic (bsg) driver version 0.4 loaded (major 249)
[    1.549765] io scheduler noop registered
[    1.550852] io scheduler deadline registered (default)
[    1.552253] io scheduler cfq registered
[    1.553527] pci_hotplug: PCI Hot Plug PCI Core version: 0.5
[    1.555006] pciehp: PCI Express Hot Plug Controller Driver version: 0.4
[    1.557071] ACPI: AC Adapter [AC] (off-line)
[    1.558746] input: Power Button as /devices/LNXSYSTM:00/LNXPWRBN:00/input/input0
[    1.561338] ACPI: Power Button [PWRF]
[    1.562692] input: Sleep Button as /devices/LNXSYSTM:00/LNXSLPBN:00/input/input1
[    1.565092] ACPI: Sleep Button [SLPF]
[    1.566729] GHES: HEST is not enabled!
[    1.567881] ACPI: Battery Slot [BAT0] (battery present)
[    1.570158] Serial: 8250/16550 driver, 32 ports, IRQ sharing enabled
[    1.593212] 00:02: ttyS0 at I/O 0x3f8 (irq = 4, base_baud = 115200) is a 16550A
[    1.600744] Linux agpgart interface v0.103
[    1.604735] loop: module loaded
[    1.606653] scsi host0: ata_piix
[    1.608330] scsi host1: ata_piix
[    1.609606] ata1: PATA max UDMA/33 cmd 0x1f0 ctl 0x3f6 bmdma 0xd000 irq 14
[    1.612078] ata2: PATA max UDMA/33 cmd 0x170 ctl 0x376 bmdma 0xd008 irq 15
[    1.614668] libphy: Fixed MDIO Bus: probed
[    1.616098] tun: Universal TUN/TAP device driver, 1.6
[    1.618358] tun: (C) 1999-2004 Max Krasnyansky <maxk@qualcomm.com>
[    1.621210] PPP generic driver version 2.4.2
[    1.623798] ehci_hcd: USB 2.0 'Enhanced' Host Controller (EHCI) Driver
[    1.626866] ehci-pci: EHCI PCI platform driver
[    1.629285] ehci-platform: EHCI generic platform driver
[    1.631889] ohci_hcd: USB 1.1 'Open' Host Controller (OHCI) Driver
[    1.634711] ohci-pci: OHCI PCI platform driver
[    1.636679] ohci-platform: OHCI generic platform driver
[    1.638775] uhci_hcd: USB Universal Host Controller Interface driver
[    1.642102] i8042: PNP: PS/2 Controller [PNP0303:PS2K,PNP0f03:PS2M] at 0x60,0x64 irq 1,12
[    1.646464] serio: i8042 KBD port at 0x60,0x64 irq 1
[    1.648456] serio: i8042 AUX port at 0x60,0x64 irq 12
[    1.650872] mousedev: PS/2 mouse device common for all mice
[    1.654194] input: AT Translated Set 2 keyboard as /devices/platform/i8042/serio0/input/input2
[    1.658104] rtc_cmos rtc_cmos: rtc core: registered rtc_cmos as rtc0
[    1.660610] rtc_cmos rtc_cmos: alarms up to one day, 114 bytes nvram
[    1.662733] i2c /dev entries driver
[    1.664475] device-mapper: uevent: version 1.0.3
[    1.667329] device-mapper: ioctl: 4.34.0-ioctl (2015-10-28) initialised: dm-devel@redhat.com
[    1.670734] ledtrig-cpu: registered to indicate activity on CPUs
[    1.673462] NET: Registered protocol family 10
[    1.675495] NET: Registered protocol family 17
[    1.677757] Key type dns_resolver registered
[    1.680407] registered taskstats version 1
[    1.682290] Loading compiled-in X.509 certificates
[    1.684906] Loaded X.509 cert 'Build time autogenerated kernel key: 3e01e6df98386236d59670e6b2ed19a044d5324e'
[    1.688371] zswap: loaded using pool lzo/zbud
[    1.693303] Key type trusted registered
[    1.700083] Key type encrypted registered
[    1.701573] AppArmor: AppArmor sha1 policy hashing enabled
[    1.703479] ima: No TPM chip found, activating TPM-bypass!
[    1.705296] ima: Allocated hash algorithm: sha1
[    1.707434] evm: HMAC attrs: 0x1
[    1.709477]   Magic number: 11:629:147
[    1.710923] pci 0000:00:14.0: hash matches
[    1.712597] rtc_cmos rtc_cmos: setting system clock to 2019-07-31 21:08:41 UTC (1564607321)
[    1.716348] BIOS EDD facility v0.16 2004-Jun-25, 0 devices found
[    1.718401] EDD information not available.
[    1.773786] Freeing unused kernel memory: 1484K
[    1.775545] Write protecting the kernel read-only data: 14336k
[    1.777897] Freeing unused kernel memory: 1612K
[    1.779348] Freeing unused kernel memory: 64K
Loading, please wait...
starting version 229
[    1.801209] random: systemd-udevd: uninitialized urandom read (16 bytes read, 3 bits of entropy available)
[    1.802090] random: udevadm: uninitialized urandom read (16 bytes read, 3 bits of entropy available)
[    1.802142] random: udevadm: uninitialized urandom read (16 bytes read, 3 bits of entropy available)
[    1.813952] random: systemd-udevd: uninitialized urandom read (16 bytes read, 3 bits of entropy available)
[    1.814975] random: udevadm: uninitialized urandom read (16 bytes read, 3 bits of entropy available)
[    1.815036] random: udevadm: uninitialized urandom read (16 bytes read, 3 bits of entropy available)
[    1.815210] random: udevadm: uninitialized urandom read (16 bytes read, 3 bits of entropy available)
[    1.815265] random: udevadm: uninitialized urandom read (16 bytes read, 3 bits of entropy available)
[    1.815321] random: udevadm: uninitialized urandom read (16 bytes read, 3 bits of entropy available)
[    1.815375] random: udevadm: uninitialized urandom read (16 bytes read, 3 bits of entropy available)
[    1.901673] e1000: Intel(R) PRO/1000 Network Driver - version 7.3.21-k8-NAPI
[    1.904144] e1000: Copyright (c) 1999-2006 Intel Corporation.
[    1.910979] Fusion MPT base driver 3.04.20
[    1.913580] Copyright (c) 1999-2008 LSI Corporation
[    1.930028] Fusion MPT SPI Host driver 3.04.20
[    1.969081] AVX2 version of gcm_enc/dec engaged.
[    1.970891] AES CTR mode by8 optimization enabled
[    2.150833] input: ImExPS/2 Generic Explorer Mouse as /devices/platform/i8042/serio1/input/input4
[    2.543990] e1000 0000:00:03.0 eth0: (PCI:33MHz:32-bit) 02:c2:66:bb:16:6d
[    2.547436] e1000 0000:00:03.0 eth0: Intel(R) PRO/1000 Network Connection
[    2.552156] mptbase: ioc0: Initiating bringup
[    2.933785] ioc0: LSI53C1030 A0: Capabilities={Initiator}
[    3.571493] scsi host2: ioc0: LSI53C1030 A0, FwRev=00000000h, Ports=1, MaxQ=256, IRQ=20
[    4.515495] scsi 2:0:0:0: Direct-Access     VBOX     HARDDISK         1.0  PQ: 0 ANSI: 5
[    4.520220] scsi target2:0:0: Beginning Domain Validation
[    4.528410] scsi target2:0:0: Domain Validation skipping write tests
[    4.532512] scsi target2:0:0: Ending Domain Validation
[    4.536828] scsi target2:0:0: asynchronous
[    4.540952] scsi 2:0:1:0: Direct-Access     VBOX     HARDDISK         1.0  PQ: 0 ANSI: 5
[    4.548752] scsi target2:0:1: Beginning Domain Validation
[    4.556843] scsi target2:0:1: Domain Validation skipping write tests
[    4.560674] scsi target2:0:1: Ending Domain Validation
[    4.564356] scsi target2:0:1: asynchronous
[    4.588021] sd 2:0:0:0: Attached scsi generic sg0 type 0
[    4.591377] sd 2:0:0:0: [sda] 20971520 512-byte logical blocks: (10.7 GB/10.0 GiB)
[    4.627643] sd 2:0:1:0: Attached scsi generic sg1 type 0
[    4.629704] sd 2:0:1:0: [sdb] 20480 512-byte logical blocks: (10.5 MB/10.0 MiB)
[    4.633865] sd 2:0:1:0: [sdb] Write Protect is off
[    4.635935] sd 2:0:1:0: [sdb] Incomplete mode parameter data
[    4.637883] sd 2:0:1:0: [sdb] Assuming drive cache: write through
[    4.639560] sd 2:0:0:0: [sda] Write Protect is off
[    4.641652] sd 2:0:0:0: [sda] Incomplete mode parameter data
[    4.643647] sd 2:0:0:0: [sda] Assuming drive cache: write through
[    4.650728]  sda: sda1
[    4.652997] sd 2:0:1:0: [sdb] Attached SCSI disk
[    4.655384] sd 2:0:0:0: [sda] Attached SCSI disk
[    4.982456] e1000 0000:00:08.0 eth1: (PCI:33MHz:32-bit) 08:00:27:93:70:d1
[    4.986565] e1000 0000:00:08.0 eth1: Intel(R) PRO/1000 Network Connection
[    5.458710] e1000 0000:00:09.0 eth2: (PCI:33MHz:32-bit) 08:00:27:fd:fc:84
[    5.461974] e1000 0000:00:09.0 eth2: Intel(R) PRO/1000 Network Connection
[    5.467716] e1000 0000:00:03.0 enp0s3: renamed from eth0
[    5.482883] e1000 0000:00:09.0 enp0s9: renamed from eth2
[    5.499127] e1000 0000:00:08.0 enp0s8: renamed from eth1
Begin: Loading essential drivers ... [    7.297911] md: linear personality registered for level -1
[    7.302758] md: multipath personality registered for level -4
[    7.307522] md: raid0 personality registered for level 0
[    7.314897] md: raid1 personality registered for level 1
[    7.390555] raid6: sse2x1   gen()  5692 MB/s
[    7.458393] raid6: sse2x1   xor()  5208 MB/s
[    7.526374] raid6: sse2x2   gen()  7771 MB/s
[    7.594577] raid6: sse2x2   xor()  5765 MB/s
[    7.662417] raid6: sse2x4   gen()  9165 MB/s
[    7.730394] raid6: sse2x4   xor()  5934 MB/s
[    7.798580] raid6: avx2x1   gen() 12360 MB/s
[    7.866415] raid6: avx2x2   gen() 14252 MB/s
[    7.934426] raid6: avx2x4   gen()  9815 MB/s
[    7.935969] raid6: using algorithm avx2x2 gen() 14252 MB/s
[    7.937882] raid6: using avx2x2 recovery algorithm
[    7.940881] xor: automatically using best checksumming function:
[    7.982690]    avx       : 20270.000 MB/sec
[    7.985761] async_tx: api initialized (async)
[    8.001223] md: raid6 personality registered for level 6
[    8.003707] md: raid5 personality registered for level 5
[    8.006172] md: raid4 personality registered for level 4
[    8.019157] md: raid10 personality registered for level 10
done.
Begin: Running /scripts/init-premount ... done.
Begin: Mounting root file system ... Begin: Running /scripts/local-top ... done.
Begin: Running /scripts/local-premount ... [    8.075230] Btrfs loaded
Scanning for Btrfs filesystems
done.
Warning: fsck not present, so skipping root file system
[    8.130538] EXT4-fs (sda1): mounted filesystem with ordered data mode. Opts: (null)
done.
Begin: Running /scripts/local-bottom ... done.
Begin: Running /scripts/init-bottom ... done.
[    8.288559] systemd[1]: systemd 229 running in system mode. (+PAM +AUDIT +SELINUX +IMA +APPARMOR +SMACK +SYSVINIT +UTMP +LIBCRYPTSETUP +GCRYPT +GNUTLS +ACL +XZ -LZ4 +SECCOMP +BLKID +ELFUTILS +KMOD -IDN)
[    8.301469] systemd[1]: Detected virtualization oracle.
[    8.304697] systemd[1]: Detected architecture x86-64.

Welcome to [1mUbuntu 16.04.6 LTS[0m!

[    8.319213] systemd[1]: Set hostname to <ubuntu>.
[    8.323997] systemd[1]: Initializing machine ID from random generator.
[    8.326905] systemd[1]: Installed transient /etc/machine-id file.
[    8.518116] systemd[1]: Listening on Device-mapper event daemon FIFOs.
[[0;32m  OK  [0m] Listening on Device-mapper event daemon FIFOs.
[    8.521428] systemd[1]: Listening on udev Control Socket.
[[0;32m  OK  [0m] Listening on udev Control Socket.
[    8.685655] systemd[1]: Reached target User and Group Name Lookups.
[[0;32m  OK  [0m] Reached target User and Group Name Lookups.
[    8.691531] systemd[1]: Listening on Journal Socket.
[[0;32m  OK  [0m] Listening on Journal Socket.
[    8.696792] systemd[1]: Started Forward Password Requests to Wall Directory Watch.
[[0;32m  OK  [0m] Started Forward Password Requests to Wall Directory Watch.
[    8.706165] systemd[1]: Listening on LVM2 poll daemon socket.
[[0;32m  OK  [0m] Listening on LVM2 poll daemon socket.
[    8.719395] systemd[1]: Reached target Encrypted Volumes.
[[0;32m  OK  [0m] Reached target Encrypted Volumes.
[    8.723851] systemd[1]: Listening on Journal Socket (/dev/log).
[[0;32m  OK  [0m] Listening on Journal Socket (/dev/log).
[    8.728901] systemd[1]: Set up automount Arbitrary Executable File Formats File System Automount Point.
[[0;32m  OK  [0m] Set up automount Arbitrary Executab...ats File System Automount Point.
[    8.736286] systemd[1]: Listening on LVM2 metadata daemon socket.
[[0;32m  OK  [0m] Listening on LVM2 metadata daemon socket.
[    8.741210] systemd[1]: Reached target Swap.
[[0;32m  OK  [0m] Reached target Swap.
[    8.745080] systemd[1]: Listening on /dev/initctl Compatibility Named Pipe.
[[0;32m  OK  [0m] Listening on /dev/initctl Compatibility Named Pipe.
[    8.756148] systemd[1]: Created slice System Slice.
[[0;32m  OK  [0m] Created slice System Slice.
[    8.770795] systemd[1]: Starting Nameserver information manager...
         Starting Nameserver information manager...
[    8.778525] systemd[1]: Starting Create list of required static device nodes for the current kernel...
         Starting Create list of required st... nodes for the current kernel...
[    8.796739] systemd[1]: Starting Uncomplicated firewall...
         Starting Uncomplicated firewall...
[    8.803335] systemd[1]: Mounting POSIX Message Queue File System...
         Mounting POSIX Message Queue File System...
[    8.810210] systemd[1]: Created slice system-serial\x2dgetty.slice.
[[0;32m  OK  [0m] Created slice system-serial\x2dgetty.slice.
[    8.819372] systemd[1]: Starting Load Kernel Modules...
         Starting Load Kernel Modules...
[    8.825657] systemd[1]: Starting Set console keymap...
         Starting Set console keymap...
[    8.839151] systemd[1]: Reached target System Time Synchronized.
[    8.844202] Loading iSCSI transport class v2.0-870.
[[0;32m  OK  [0m] Reached target System Time Synchronized.
[    8.859419] systemd[1]: Created slice User and Session Slice.
[[0;32m  OK  [0m] Created slice User and Session Slice.
[    8.866788] systemd[1]: Reached target Slices.
[[0;32m  OK  [0m] Reached target Slices.
[    8.874944] systemd[1]: Listening on Syslog Socket.
[[0;32m  OK  [0m] Listening on Syslog Socket.
[    8.882764] iscsi: registered transport (tcp)
[    8.902759] systemd[1]: Starting Remount Root and Kernel File Systems...
         Starting Remount Root and Kernel File Systems...
[    8.914691] systemd[1]: Listening on Journal Audit Socket.
[[0;32m  OK  [0m] Listening on Journal Audit Socket.
[    8.922520] EXT4-fs (sda1): re-mounted. Opts: (null)
[    8.955533] iscsi: registered transport (iser)
[    8.958629] systemd[1]: Starting Journal Service...
         Starting Journal Service...
[    8.964336] systemd[1]: Mounting Debug File System...
         Mounting Debug File System...
[    8.978490] systemd[1]: Starting Monitoring of LVM2 mirrors, snapshots etc. using dmeventd or progress polling...
         Starting Monitoring of LVM2 mirrors... dmeventd or progress polling...
[    8.992898] systemd[1]: Listening on udev Kernel Socket.
[[0;32m  OK  [0m] Listening on udev Kernel Socket.
[    8.997119] systemd[1]: Mounting Huge Pages File System...
         Mounting Huge Pages File System...
[    9.003416] systemd[1]: Started Trigger resolvconf update for networkd DNS.
[[0;32m  OK  [0m] Started Trigger resolvconf update for networkd DNS.
[    9.009721] systemd[1]: Mounted Huge Pages File System.
[[0;32m  OK  [0m] Mounted Huge Pages File System.
[    9.017478] systemd[1]: Mounted Debug File System.
[[0;32m  OK  [0m] Mounted Debug File System.
[    9.021046] systemd[1]: Mounted POSIX Message Queue File System.
[[0;32m  OK  [0m] Mounted POSIX Message Queue File System.
[    9.026986] systemd[1]: Started Create list of required static device nodes for the current kernel.
[[0;32m  OK  [0m] Started Create list of required sta...ce nodes for the current kernel.
[    9.040202] systemd[1]: Started Uncomplicated firewall.
[[0;32m  OK  [0m] Started Uncomplicated firewall.
[    9.043114] systemd[1]: Started Load Kernel Modules.
[[0;32m  OK  [0m] Started Load Kernel Modules.
[    9.045749] systemd[1]: Started Set console keymap.
[[0;32m  OK  [0m] Started Set console keymap.
[    9.048531] systemd[1]: Started Remount Root and Kernel File Systems.
[[0;32m  OK  [0m] Started Remount Root and Kernel File Systems.
[    9.062758] systemd[1]: Started Nameserver information manager.
[[0;32m  OK  [0m] Started Nameserver information manager.
[    9.067821] random: nonblocking pool is initialized
[    9.072109] systemd[1]: Started Journal Service.
[[0;32m  OK  [0m] Started Journal Service.
[[0;32m  OK  [0m] Started LVM2 metadata daemon.
         Starting udev Coldplug all Devices...
         Starting Flush Journal to Persistent Storage...
         Starting Load/Save Random Seed...
         Starting Apply Kernel Variables...
         Mounting FUSE Control File System...
         Starting Create Static Device Nodes in /dev...
[[0;32m  OK  [0m] Mounted FUSE Control File System.
[[0;32m  OK  [0m] Started Load/Save Random Seed.
[[0;32m  OK  [0m] Started Apply Kernel Variables.
[[0;32m  OK  [0m] Started Create Static Device Nodes in /dev.
[[0;32m  OK  [0m] Started Flush Journal to Persistent Storage.
[[0;32m  OK  [0m] Started udev Coldplug all Devices.
         Starting udev Kernel Device Manager...
[[0;32m  OK  [0m] Started udev Kernel Device Manager.
[[0;32m  OK  [0m] Started Dispatch Password Requests to Console Directory Watch.
[[0;32m  OK  [0m] Found device /dev/ttyS0.
[[0;32m  OK  [0m] Listening on Load/Save RF Kill Switch Status /dev/rfkill Watch.
[[0;32m  OK  [0m] Started Monitoring of LVM2 mirrors,...ng dmeventd or progress polling.
[[0;32m  OK  [0m] Reached target Local File Systems (Pre).
[[0;32m  OK  [0m] Reached target Local File Systems.
         Starting Initial cloud-init job (pre-networking)...
         Starting Commit a transient machine-id on disk...
         Starting Set console font and keymap...
         Starting Tell Plymouth To Write Out Runtime Data...
         Starting LSB: AppArmor initialization...
         Starting Create Volatile Files and Directories...
[[0;32m  OK  [0m] Started Commit a transient machine-id on disk.
[[0;32m  OK  [0m] Started Tell Plymouth To Write Out Runtime Data.
[[0;32m  OK  [0m] Started Create Volatile Files and Directories.
         Starting Update UTMP about System Boot/Shutdown...
[[0;32m  OK  [0m] Started Update UTMP about System Boot/Shutdown.
[   11.566711] cloud-init[547]: Cloud-init v. 19.1-1-gbaa47854-0ubuntu1~16.04.1 running 'init-local' at Wed, 31 Jul 2019 21:08:50 +0000. Up 10.67 seconds.
[[0;32m  OK  [0m] Started Initial cloud-init job (pre-networking).
[[0;32m  OK  [0m] Reached target Network (Pre).
[[0;32m  OK  [0m] Started Set console font and keymap.
[[0;32m  OK  [0m] Created slice system-getty.slice.
[[0;32m  OK  [0m] Started LSB: AppArmor initialization.
         Starting Raise network interfaces...
[[0;32m  OK  [0m] Started Raise network interfaces.
         Starting Initial cloud-init job (metadata service crawler)...
[[0;32m  OK  [0m] Reached target Network.
[   15.621659] cloud-init[990]: Cloud-init v. 19.1-1-gbaa47854-0ubuntu1~16.04.1 running 'init' at Wed, 31 Jul 2019 21:08:54 +0000. Up 14.58 seconds.
[   15.624416] cloud-init[990]: ci-info: ++++++++++++++++++++++++++++++++++++++Net device info+++++++++++++++++++++++++++++++++++++++
[   15.626917] cloud-init[990]: ci-info: +--------+-------+----------------------------+---------------+--------+-------------------+
[   15.629540] cloud-init[990]: ci-info: | Device |   Up  |          Address           |      Mask     | Scope  |     Hw-Address    |
[   15.632387] cloud-init[990]: ci-info: +--------+-------+----------------------------+---------------+--------+-------------------+
[   15.641069] cloud-init[990]: ci-info: | enp0s3 |  True |         10.0.2.15          | 255.255.255.0 | global | 02:c2:66:bb:16:6d |
[   15.644166] cloud-init[990]: ci-info: | enp0s3 |  True | fe80::c2:66ff:febb:166d/64 |       .       |  link  | 02:c2:66:bb:16:6d |
[   15.647595] cloud-init[990]: ci-info: | enp0s8 | False |             .              |       .       |   .    | 08:00:27:93:70:d1 |
[   15.651145] cloud-init[990]: ci-info: | enp0s9 | False |             .              |       .       |   .    | 08:00:27:fd:fc:84 |
[   15.654253] cloud-init[990]: ci-info: |   lo   |  True |         127.0.0.1          |   255.0.0.0   |  host  |         .         |
[   15.657356] cloud-init[990]: ci-info: |   lo   |  True |          ::1/128           |       .       |  host  |         .         |
[   15.659890] cloud-init[990]: ci-info: +--------+-------+----------------------------+---------------+--------+-------------------+
[   15.662672] cloud-init[990]: ci-info: +++++++++++++++++++++++++++Route IPv4 info++++++++++++++++++++++++++++
[   15.664863] cloud-init[990]: ci-info: +-------+-------------+----------+---------------+-----------+-------+
[   15.667147] cloud-init[990]: ci-info: | Route | Destination | Gateway  |    Genmask    | Interface | Flags |
[   15.668789] cloud-init[990]: ci-info: +-------+-------------+----------+---------------+-----------+-------+
[   15.677326] cloud-init[990]: ci-info: |   0   |   0.0.0.0   | 10.0.2.2 |    0.0.0.0    |   enp0s3  |   UG  |
[   15.685137] cloud-init[990]: ci-info: |   1   |   10.0.2.0  | 0.0.0.0  | 255.255.255.0 |   enp0s3  |   U   |
[   15.693908] cloud-init[990]: ci-info: +-------+-------------+----------+---------------+-----------+-------+
[   15.700749] cloud-init[990]: ci-info: +++++++++++++++++++Route IPv6 info+++++++++++++++++++
[   15.702476] cloud-init[990]: ci-info: +-------+-------------+---------+-----------+-------+
[   15.703906] cloud-init[990]: ci-info: | Route | Destination | Gateway | Interface | Flags |
[   15.712478] cloud-init[990]: ci-info: +-------+-------------+---------+-----------+-------+
[   15.721255] cloud-init[990]: ci-info: |   0   |  fe80::/64  |    ::   |   enp0s3  |   U   |
[   15.729019] cloud-init[990]: ci-info: |   3   |   ff00::/8  |    ::   |   enp0s3  |   U   |
[   15.736954] cloud-init[990]: ci-info: +-------+-------------+---------+-----------+-------+
[   15.737432] cloud-init[990]: Generating public/private rsa key pair.
[   15.738142] cloud-init[990]: Your identification has been saved in /etc/ssh/ssh_host_rsa_key.
[   15.739531] cloud-init[990]: Your public key has been saved in /etc/ssh/ssh_host_rsa_key.pub.
[[0;32m  OK  [0m] Started Initial cloud-init job (metadata service crawler).
[   15.740654] cloud-init[990]: The key fingerprint is:
[   15.749966] cloud-init[990]: SHA256:wa4VbFYIQM1vdbVE4CnesGCe+L5ZLhSKw+OLQ2twjTA root@ubuntu-xenial
[   15.751852] cloud-init[990]: The key's randomart image is:
[   15.752918] cloud-init[990]: +---[RSA 2048]----+
[   15.754204] cloud-init[990]: |   .o+.. .. .++  |
[   15.754331] cloud-init[990]: |      oo.....o . |
[   15.755261] cloud-init[990]: |       .X.o.o .  |
[   15.755803] cloud-init[990]: |E      B+* =     |
[   15.756534] cloud-init[990]: | o + ..oS.o .    |
[   15.757255] cloud-init[990]: |. + * .+.        |
[   15.758170] cloud-init[990]: | + o o... .      |
[   15.759102] cloud-init[990]: |  +..  ..+       |
[   15.760043] cloud-init[990]: | .....  +o.      |
[   15.760896] cloud-init[990]: +----[SHA256]-----+
[   15.761928] [cloud-init[0;32m  OK  [0m[990]: ] Generating public/private dsa key pair.Reached target System Initialization.

[   15.762042] cloud-init[990]: Your identification has been saved in /etc/ssh/ssh_host_dsa_key.
[   15.773694] cloud-init[990]: Your public key has been saved in /etc/ssh/ssh_host_dsa_key.pub.
[   15.774477] cloud-init[990]: The key fingerprint is:
[   15.774836] cloud-init[990]: SHA256:R40XVItxMQdUZvMc7+UefKSBwkDwrApFmxnupgY51ew root@ubuntu-xenial
[   15.775220] cloud-init[990]: The key's randomart image is:
[   15.775296] cloud-init[990]: +---[DSA 1024]----+
[   15.775372] cloud-init[990]: |    o .oo  .+oB*=|
[   15.776153] cloud-init[990]: |   = = o o o * B=|
[   15.776226] cloud-init[990]: |  . O   o = = o *|
[   15.776453] cloud-init[990]: | o +   . . o  .*.|
[   15.776530] cloud-init[990]: |+ . E . S .   .o+|
[[0;32m  OK  [0m] Listening on D-Bus System Message Bus Socket.
[   15.776952] cloud-init[990]: | o + .   .     .o|
[   15.783148] cloud-init[990]: |  o .           .|
[   15.783399] cloud-init[990]: | .               |
[   15.784232] cloud-init[990]: |                 |
[   15.784969] cloud-init[990]: +----[SHA256]-----+
[   15.785860] cloud-init[990]: Generating public/private ecdsa key pair.
[   15.786780] cloud-init[990]: Your identification has been saved in /etc/ssh/ssh_host_ecdsa_key.
[   15.787694] cloud-init[990]: Your public key has been saved in /etc/ssh/ssh_host_ecdsa_key.pub.
[   15.789050] cloud-init[990]: The key fingerprint is:
[   15.789939] cloud-init[990]: SHA256:7vEcBwmEMMs4nZ6Jst4i6UU3Y1GxkvYG4Fjssb1K7Mo root@ubuntu-xenial
[   15.791243] cloud-init[990]: The key's randomart image is:
[   15.793055] cloud-init[990]: +---[ECDSA 256]---+
[   15.793950] cloud-init[990]: |  .oo. +o        |
[   15.794899] cloud-init[990]: |  +*.++..        |
[   15.795705] cloud-init[990]: | .+.O* ..        |
[   15.797068] cloud-init[990]: |   *.+=  . .     |
[   15.797896] cloud-init[990]: |. o.+=.oS o      |
[   15.798984] cloud-init[990]: | o.oo.+.   .     |
[   15.799820] cloud-init[990]: |..o..   o . .    |
[   15.800677] cloud-init[990]: |=.oo   . + o     |
[   15.801565] cloud-init[990]: |oEo.    . o      |
[   15.802460] cloud-init[990]: +----[SHA256]-----+
[   15.803351] cloud-init[990]: Generating public/private ed25519 key pair.
[   15.804687] cloud-init[990]: Your identification has been saved in /etc/ssh/ssh_host_ed25519_key.
[[0;32m  OK  [0m] Started Daily apt download activities.
[   15.805124] cloud-init[990]: Your public key has been saved in /etc/ssh/ssh_host_ed25519_key.pub.
[   15.812753] cloud-init[990]: The key fingerprint is:
[   15.821347] cloud-init[990]: SHA256:OV3c4+d5mGi8jkE6T7ENy6SWoVRCkm2LdBygOFUzG+8 root@ubuntu-xenial
[   15.821906] cloud-init[990]: The key's randomart image is:
[   15.822676] cloud-init[990]: +--[ED25519 256]--+
[   15.823198] cloud-init[990]: |  ..B=o.         |
[   15.823992] cloud-init[990]: | o .oO=    . .   |
[   15.825190] cloud-init[990]: |o ...+o..   o o  |
[   15.826005] cloud-init[990]: | .  ...o o . . . |
[   15.826620] cloud-init[990]: |      E S *   . .|
[   15.827219] cloud-init[990]: |     . . X B . =.|
[   15.828357] cloud-init[990]: |      . * * = o.o|
[   15.829226] cloud-init[990]: |       . + + .  .|
[   15.830105] cloud-init[990]: |          o.o    |
         Starting LXD - unix socket.
[   15.831011] cloud-init[990]: +----[SHA256]-----+
[[0;32m  OK  [0m] Started Daily Cleanup of Temporary Directories.
[[0;32m  OK  [0m] Started Daily apt upgrade and clean activities.
[[0;32m  OK  [0m] Listening on UUID daemon activation socket.
         Starting Socket activation for snappy daemon.
[[0;32m  OK  [0m] Listening on ACPID Listen Socket.
[[0;32m  OK  [0m] Started ACPI Events Check.
[[0;32m  OK  [0m] Reached target Paths.
[[0;32m  OK  [0m] Reached target Timers.
[[0;32m  OK  [0m] Reached target Cloud-config availability.
[[0;32m  OK  [0m] Reached target Network is Online.
         Starting iSCSI initiator daemon (iscsid)...
[[0;32m  OK  [0m] Listening on LXD - unix socket.
[[0;32m  OK  [0m] Listening on Socket activation for snappy daemon.
[[0;32m  OK  [0m] Reached target Sockets.
[[0;32m  OK  [0m] Reached target Basic System.
         Starting Login Service...
         Starting System Logging Service...
[[0;32m  OK  [0m] Started FUSE filesystem for LXC.
[[0;32m  OK  [0m] Started Deferred execution scheduler.
         Starting LXD - container startup/shutdown...
         Starting Pollinate to seed the pseudo random number generator...
         Starting Accounts Service...
         Starting /etc/rc.local Compatibility...
         Starting LSB: MD monitoring daemon...
[[0;32m  OK  [0m] Started Regular background program processing daemon.
[[0;32m  OK  [0m] Started D-Bus System Message Bus.
         Starting LSB: Record successful boot for GRUB...
[[0;32m  OK  [0m] Started ACPI event daemon.
         Starting Snappy daemon...
         Starting Virtualbox guest utils...
[[0;32m  OK  [0m] Started System Logging Service.
[[0;32m  OK  [0m] Started /etc/rc.local Compatibility.
[[0;32m  OK  [0m] Started iSCSI initiator daemon (iscsid).
[[0;32m  OK  [0m] Started Login Service.
[[0;32m  OK  [0m] Started Unattended Upgrades Shutdown.
         Starting Authenticate and Authorize Users to Run Privileged Tasks...
         Starting Login to default iSCSI targets...
[[0;32m  OK  [0m] Started LSB: MD monitoring daemon.
[[0;32m  OK  [0m] Started LSB: Record successful boot for GRUB.
[[0;32m  OK  [0m] Started LXD - container startup/shutdown.
[[0;32m  OK  [0m] Started Login to default iSCSI targets.
[[0;32m  OK  [0m] Started Virtualbox guest utils.
[[0;32m  OK  [0m] Started Authenticate and Authorize Users to Run Privileged Tasks.
[[0;32m  OK  [0m] Started Accounts Service.
[[0;32m  OK  [0m] Reached target Remote File Systems (Pre).
[[0;32m  OK  [0m] Reached target Remote File Systems.
         Starting LSB: daemon to balance interrupts for SMP systems...
         Starting LSB: Set the CPU Frequency Scaling governor to "ondemand"...
         Starting LSB: automatic crash report generation...
         Starting Permit User Sessions...
[[0;32m  OK  [0m] Started Permit User Sessions.
         Starting Terminate Plymouth Boot Screen...
         Starting Hold until boot process finishes up...
[[0;32m  OK  [0m] Started LSB: Set the CPU Frequency Scaling governor to "ondemand".
[[0;32m  OK  [0m] Started Terminate Plymouth Boot Screen.
[[0;32m  OK  [0m] Started LSB: daemon to balance interrupts for SMP systems.
[[0;32m  OK  [0m] Started LSB: automatic crash report generation.
[[0;32m  OK  [0m] Started Hold until boot process finishes up.
[[0;32m  OK  [0m] Started Serial Getty on ttyS0.
         Starting Set console scheme...
[[0;32m  OK  [0m] Started Getty on tty1.
[[0;32m  OK  [0m] Reached target Login Prompts.
[[0;32m  OK  [0m] Started Set console scheme.
[[0;32m  OK  [0m] Started Pollinate to seed the pseudo random number generator.
         Starting OpenBSD Secure Shell server...
[[0;32m  OK  [0m] Started Snappy daemon.
         Starting Wait until snapd is fully seeded...
[[0;32m  OK  [0m] Started OpenBSD Secure Shell server.
[[0;32m  OK  [0m] Started Wait until snapd is fully seeded.
[[0;32m  OK  [0m] Reached target Multi-User System.
[[0;32m  OK  [0m] Reached target Graphical Interface.
         Starting Update UTMP about System Runlevel Changes...
         Starting Apply the settings specified in cloud-config...
[[0;32m  OK  [0m] Started Update UTMP about System Runlevel Changes.
[[0;32m  OK  [0m] Created slice User Slice of vagrant.
         Starting User Manager for UID 1000...
[[0;32m  OK  [0m] Started Session 1 of user vagrant.
[[0;32m  OK  [0m] Started User Manager for UID 1000.
[   19.466260] cloud-init[1347]: Generating locales (this might take a while)...
[   21.485417] cloud-init[1347]:   en_US.UTF-8... done
[   21.487600] cloud-init[1347]: Generation complete.
[   22.034229] cloud-init[1347]: Cloud-init v. 19.1-1-gbaa47854-0ubuntu1~16.04.1 running 'modules:config' at Wed, 31 Jul 2019 21:08:59 +0000. Up 19.13 seconds.

Ubuntu 16.04.6 LTS ubuntu-xenial ttyS0

ubuntu-xenial login: ci-info: no authorized ssh keys fingerprints found for user ubuntu.
<14>Jul 31 21:09:03 ec2: 
<14>Jul 31 21:09:03 ec2: #############################################################
<14>Jul 31 21:09:03 ec2: -----BEGIN SSH HOST KEY FINGERPRINTS-----
<14>Jul 31 21:09:03 ec2: 1024 SHA256:R40XVItxMQdUZvMc7+UefKSBwkDwrApFmxnupgY51ew root@ubuntu-xenial (DSA)
<14>Jul 31 21:09:03 ec2: 256 SHA256:7vEcBwmEMMs4nZ6Jst4i6UU3Y1GxkvYG4Fjssb1K7Mo root@ubuntu-xenial (ECDSA)
<14>Jul 31 21:09:03 ec2: 256 SHA256:OV3c4+d5mGi8jkE6T7ENy6SWoVRCkm2LdBygOFUzG+8 root@ubuntu-xenial (ED25519)
<14>Jul 31 21:09:03 ec2: 2048 SHA256:wa4VbFYIQM1vdbVE4CnesGCe+L5ZLhSKw+OLQ2twjTA root@ubuntu-xenial (RSA)
<14>Jul 31 21:09:03 ec2: -----END SSH HOST KEY FINGERPRINTS-----
<14>Jul 31 21:09:03 ec2: #############################################################
-----BEGIN SSH HOST KEY KEYS-----
ecdsa-sha2-nistp256 AAAAE2VjZHNhLXNoYTItbmlzdHAyNTYAAAAIbmlzdHAyNTYAAABBBMaogeaCbHOtd4SP0UXo9ZupzNMOd4TXFdGHvhQTJm8dS2cuqPbSXnOQMxF8+IvwiCeM7CbufCtuLw5Bt7JHr4M= root@ubuntu-xenial
ssh-ed25519 AAAAC3NzaC1lZDI1NTE5AAAAIIaXMDTQIAKOt4WjHkvijVuRNMr0kFT3BgJIjSTxbVmE root@ubuntu-xenial
ssh-rsa AAAAB3NzaC1yc2EAAAADAQABAAABAQDHVZAXBmKjA481Wlhqs2luicWiU3ppAnTOE+YrIYJuyF/PSzQjEKrnRHq7VUBcExxQw/K1hppRHJ+C/O32tcl2imTrYY3RUoDGhjHVzNO4ReHuEJoU5reAxnCHthju8KsBfTGkm4FW9Hg9guSkiSrQqlmY4dtwW4+frYpolc3lYOpe5XRVIFFfjL+oFKdRTs12fC7Cq03WccpXPk2K+soHLqER84jgH47MI75CaL0HwV2vF+nEJzXe5ZppWvzzoiwON6svpQeUagMn3lZu7BfDKP/8hNPApQVc1aWPvcXhA8ph7dC5bYVPIIFAdB5mceHjvfSmK4FpCk83oCu8dFlP root@ubuntu-xenial
-----END SSH HOST KEY KEYS-----
[   22.999164] cloud-init[1561]: Cloud-init v. 19.1-1-gbaa47854-0ubuntu1~16.04.1 running 'modules:final' at Wed, 31 Jul 2019 21:09:02 +0000. Up 22.69 seconds.
[   23.001707] cloud-init[1561]: ci-info: no authorized ssh keys fingerprints found for user ubuntu.
[   23.002790] cloud-init[1561]: Cloud-init v. 19.1-1-gbaa47854-0ubuntu1~16.04.1 finished at Wed, 31 Jul 2019 21:09:03 +0000. Datasource DataSourceNoCloud [seed=/dev/sdb][dsmode=net].  Up 22.98 seconds
